2022-10-23 16:34:41.904  INFO 12040 --- [Test worker] b.board_01.Board01ApplicationTests       : Starting Board01ApplicationTests using Java 11 on DESKTOP-SDT18U3 with PID 12040 (started by User in C:\board_01)
2022-10-23 16:34:41.924  INFO 12040 --- [Test worker] b.board_01.Board01ApplicationTests       : No active profile set, falling back to 1 default profile: "default"
2022-10-23 16:34:44.189  INFO 12040 --- [Test worker] .s.d.r.c.RepositoryConfigurationDelegate : Bootstrapping Spring Data JPA repositories in DEFAULT mode.
2022-10-23 16:34:44.337  INFO 12040 --- [Test worker] .s.d.r.c.RepositoryConfigurationDelegate : Finished Spring Data repository scanning in 123 ms. Found 2 JPA repository interfaces.
2022-10-23 16:34:45.751  INFO 12040 --- [Test worker] o.hibernate.jpa.internal.util.LogHelper  : HHH000204: Processing PersistenceUnitInfo [name: default]
2022-10-23 16:34:45.938  INFO 12040 --- [Test worker] org.hibernate.Version                    : HHH000412: Hibernate ORM core version 5.6.11.Final
2022-10-23 16:34:46.446  INFO 12040 --- [Test worker] o.hibernate.annotations.common.Version   : HCANN000001: Hibernate Commons Annotations {5.1.2.Final}
2022-10-23 16:34:46.855  INFO 12040 --- [Test worker] com.zaxxer.hikari.HikariDataSource       : HikariPool-1 - Starting...
2022-10-23 16:34:47.577  INFO 12040 --- [Test worker] com.zaxxer.hikari.HikariDataSource       : HikariPool-1 - Start completed.
2022-10-23 16:34:47.723  INFO 12040 --- [Test worker] org.hibernate.dialect.Dialect            : HHH000400: Using dialect: org.hibernate.dialect.MySQL8Dialect
2022-10-23 16:34:50.177  INFO 12040 --- [Test worker] o.h.e.t.j.p.i.JtaPlatformInitiator       : HHH000490: Using JtaPlatform implementation: [org.hibernate.engine.transaction.jta.platform.internal.NoJtaPlatform]
2022-10-23 16:34:50.204  INFO 12040 --- [Test worker] j.LocalContainerEntityManagerFactoryBean : Initialized JPA EntityManagerFactory for persistence unit 'default'
2022-10-23 16:34:51.870  WARN 12040 --- [Test worker] JpaBaseConfiguration$JpaWebConfiguration : spring.jpa.open-in-view is enabled by default. Therefore, database queries may be performed during view rendering. Explicitly configure spring.jpa.open-in-view to disable this warning
2022-10-23 16:34:54.069  INFO 12040 --- [Test worker] b.board_01.Board01ApplicationTests       : Started Board01ApplicationTests in 13.021 seconds (JVM running for 17.13)
2022-10-23 16:34:54.628  INFO 12040 --- [SpringApplicationShutdownHook] j.LocalContainerEntityManagerFactoryBean : Closing JPA EntityManagerFactory for persistence unit 'default'
2022-10-23 16:34:54.637  INFO 12040 --- [SpringApplicationShutdownHook] com.zaxxer.hikari.HikariDataSource       : HikariPool-1 - Shutdown initiated...
2022-10-23 16:34:54.668  INFO 12040 --- [SpringApplicationShutdownHook] com.zaxxer.hikari.HikariDataSource       : HikariPool-1 - Shutdown completed.
2022-10-23 16:35:27.075  INFO 24116 --- [Test worker] b.board_01.Board01ApplicationTests       : Starting Board01ApplicationTests using Java 11 on DESKTOP-SDT18U3 with PID 24116 (started by User in C:\board_01)
2022-10-23 16:35:27.078  INFO 24116 --- [Test worker] b.board_01.Board01ApplicationTests       : No active profile set, falling back to 1 default profile: "default"
2022-10-23 16:35:28.651  INFO 24116 --- [Test worker] .s.d.r.c.RepositoryConfigurationDelegate : Bootstrapping Spring Data JPA repositories in DEFAULT mode.
2022-10-23 16:35:28.795  INFO 24116 --- [Test worker] .s.d.r.c.RepositoryConfigurationDelegate : Finished Spring Data repository scanning in 125 ms. Found 2 JPA repository interfaces.
2022-10-23 16:35:30.074  INFO 24116 --- [Test worker] o.hibernate.jpa.internal.util.LogHelper  : HHH000204: Processing PersistenceUnitInfo [name: default]
2022-10-23 16:35:30.221  INFO 24116 --- [Test worker] org.hibernate.Version                    : HHH000412: Hibernate ORM core version 5.6.11.Final
2022-10-23 16:35:30.633  INFO 24116 --- [Test worker] o.hibernate.annotations.common.Version   : HCANN000001: Hibernate Commons Annotations {5.1.2.Final}
2022-10-23 16:35:30.907  INFO 24116 --- [Test worker] com.zaxxer.hikari.HikariDataSource       : HikariPool-1 - Starting...
2022-10-23 16:35:31.477  INFO 24116 --- [Test worker] com.zaxxer.hikari.HikariDataSource       : HikariPool-1 - Start completed.
2022-10-23 16:35:31.591  INFO 24116 --- [Test worker] org.hibernate.dialect.Dialect            : HHH000400: Using dialect: org.hibernate.dialect.MySQL8Dialect
2022-10-23 16:35:33.515  INFO 24116 --- [Test worker] o.h.e.t.j.p.i.JtaPlatformInitiator       : HHH000490: Using JtaPlatform implementation: [org.hibernate.engine.transaction.jta.platform.internal.NoJtaPlatform]
2022-10-23 16:35:33.535  INFO 24116 --- [Test worker] j.LocalContainerEntityManagerFactoryBean : Initialized JPA EntityManagerFactory for persistence unit 'default'
2022-10-23 16:35:35.333  WARN 24116 --- [Test worker] JpaBaseConfiguration$JpaWebConfiguration : spring.jpa.open-in-view is enabled by default. Therefore, database queries may be performed during view rendering. Explicitly configure spring.jpa.open-in-view to disable this warning
2022-10-23 16:35:37.450  INFO 24116 --- [Test worker] b.board_01.Board01ApplicationTests       : Started Board01ApplicationTests in 11.071 seconds (JVM running for 14.016)
2022-10-23 16:35:37.882  INFO 24116 --- [SpringApplicationShutdownHook] j.LocalContainerEntityManagerFactoryBean : Closing JPA EntityManagerFactory for persistence unit 'default'
2022-10-23 16:35:37.887  INFO 24116 --- [SpringApplicationShutdownHook] com.zaxxer.hikari.HikariDataSource       : HikariPool-1 - Shutdown initiated...
2022-10-23 16:35:37.906  INFO 24116 --- [SpringApplicationShutdownHook] com.zaxxer.hikari.HikariDataSource       : HikariPool-1 - Shutdown completed.
2022-10-23 16:37:54.604  INFO 13544 --- [Test worker] b.board_01.Board01ApplicationTests       : Starting Board01ApplicationTests using Java 11 on DESKTOP-SDT18U3 with PID 13544 (started by User in C:\board_01)
2022-10-23 16:37:54.607  INFO 13544 --- [Test worker] b.board_01.Board01ApplicationTests       : No active profile set, falling back to 1 default profile: "default"
2022-10-23 16:37:55.937  INFO 13544 --- [Test worker] .s.d.r.c.RepositoryConfigurationDelegate : Bootstrapping Spring Data JPA repositories in DEFAULT mode.
2022-10-23 16:37:56.064  INFO 13544 --- [Test worker] .s.d.r.c.RepositoryConfigurationDelegate : Finished Spring Data repository scanning in 111 ms. Found 2 JPA repository interfaces.
2022-10-23 16:37:57.164  INFO 13544 --- [Test worker] o.hibernate.jpa.internal.util.LogHelper  : HHH000204: Processing PersistenceUnitInfo [name: default]
2022-10-23 16:37:57.280  INFO 13544 --- [Test worker] org.hibernate.Version                    : HHH000412: Hibernate ORM core version 5.6.11.Final
2022-10-23 16:37:57.647  INFO 13544 --- [Test worker] o.hibernate.annotations.common.Version   : HCANN000001: Hibernate Commons Annotations {5.1.2.Final}
2022-10-23 16:37:57.918  INFO 13544 --- [Test worker] com.zaxxer.hikari.HikariDataSource       : HikariPool-1 - Starting...
2022-10-23 16:37:58.426  INFO 13544 --- [Test worker] com.zaxxer.hikari.HikariDataSource       : HikariPool-1 - Start completed.
2022-10-23 16:37:58.509  INFO 13544 --- [Test worker] org.hibernate.dialect.Dialect            : HHH000400: Using dialect: org.hibernate.dialect.MySQL8Dialect
2022-10-23 16:37:59.885  INFO 13544 --- [Test worker] o.h.e.t.j.p.i.JtaPlatformInitiator       : HHH000490: Using JtaPlatform implementation: [org.hibernate.engine.transaction.jta.platform.internal.NoJtaPlatform]
2022-10-23 16:37:59.903  INFO 13544 --- [Test worker] j.LocalContainerEntityManagerFactoryBean : Initialized JPA EntityManagerFactory for persistence unit 'default'
2022-10-23 16:38:01.277  WARN 13544 --- [Test worker] JpaBaseConfiguration$JpaWebConfiguration : spring.jpa.open-in-view is enabled by default. Therefore, database queries may be performed during view rendering. Explicitly configure spring.jpa.open-in-view to disable this warning
2022-10-23 16:38:03.193  INFO 13544 --- [Test worker] b.board_01.Board01ApplicationTests       : Started Board01ApplicationTests in 9.186 seconds (JVM running for 11.731)
2022-10-23 16:38:03.573  INFO 13544 --- [SpringApplicationShutdownHook] j.LocalContainerEntityManagerFactoryBean : Closing JPA EntityManagerFactory for persistence unit 'default'
2022-10-23 16:38:03.578  INFO 13544 --- [SpringApplicationShutdownHook] com.zaxxer.hikari.HikariDataSource       : HikariPool-1 - Shutdown initiated...
2022-10-23 16:38:03.600  INFO 13544 --- [SpringApplicationShutdownHook] com.zaxxer.hikari.HikariDataSource       : HikariPool-1 - Shutdown completed.
2022-10-23 16:38:25.360  INFO 20968 --- [Test worker] b.board_01.Board01ApplicationTests       : Starting Board01ApplicationTests using Java 11 on DESKTOP-SDT18U3 with PID 20968 (started by User in C:\board_01)
2022-10-23 16:38:25.363  INFO 20968 --- [Test worker] b.board_01.Board01ApplicationTests       : No active profile set, falling back to 1 default profile: "default"
2022-10-23 16:38:26.936  INFO 20968 --- [Test worker] .s.d.r.c.RepositoryConfigurationDelegate : Bootstrapping Spring Data JPA repositories in DEFAULT mode.
2022-10-23 16:38:27.085  INFO 20968 --- [Test worker] .s.d.r.c.RepositoryConfigurationDelegate : Finished Spring Data repository scanning in 129 ms. Found 2 JPA repository interfaces.
2022-10-23 16:38:28.360  INFO 20968 --- [Test worker] o.hibernate.jpa.internal.util.LogHelper  : HHH000204: Processing PersistenceUnitInfo [name: default]
2022-10-23 16:38:28.500  INFO 20968 --- [Test worker] org.hibernate.Version                    : HHH000412: Hibernate ORM core version 5.6.11.Final
2022-10-23 16:38:28.921  INFO 20968 --- [Test worker] o.hibernate.annotations.common.Version   : HCANN000001: Hibernate Commons Annotations {5.1.2.Final}
2022-10-23 16:38:29.206  INFO 20968 --- [Test worker] com.zaxxer.hikari.HikariDataSource       : HikariPool-1 - Starting...
2022-10-23 16:38:29.815  INFO 20968 --- [Test worker] com.zaxxer.hikari.HikariDataSource       : HikariPool-1 - Start completed.
2022-10-23 16:38:29.921  INFO 20968 --- [Test worker] org.hibernate.dialect.Dialect            : HHH000400: Using dialect: org.hibernate.dialect.MySQL8Dialect
2022-10-23 16:38:31.507  INFO 20968 --- [Test worker] o.h.e.t.j.p.i.JtaPlatformInitiator       : HHH000490: Using JtaPlatform implementation: [org.hibernate.engine.transaction.jta.platform.internal.NoJtaPlatform]
2022-10-23 16:38:31.527  INFO 20968 --- [Test worker] j.LocalContainerEntityManagerFactoryBean : Initialized JPA EntityManagerFactory for persistence unit 'default'
2022-10-23 16:38:33.021  WARN 20968 --- [Test worker] JpaBaseConfiguration$JpaWebConfiguration : spring.jpa.open-in-view is enabled by default. Therefore, database queries may be performed during view rendering. Explicitly configure spring.jpa.open-in-view to disable this warning
2022-10-23 16:38:34.851  INFO 20968 --- [Test worker] b.board_01.Board01ApplicationTests       : Started Board01ApplicationTests in 10.177 seconds (JVM running for 13.027)
2022-10-23 16:38:35.168  INFO 20968 --- [SpringApplicationShutdownHook] j.LocalContainerEntityManagerFactoryBean : Closing JPA EntityManagerFactory for persistence unit 'default'
2022-10-23 16:38:35.173  INFO 20968 --- [SpringApplicationShutdownHook] com.zaxxer.hikari.HikariDataSource       : HikariPool-1 - Shutdown initiated...
2022-10-23 16:38:35.196  INFO 20968 --- [SpringApplicationShutdownHook] com.zaxxer.hikari.HikariDataSource       : HikariPool-1 - Shutdown completed.
2022-10-23 16:40:28.640  INFO 11280 --- [main] b.board_01.Board01Application            : Starting Board01Application using Java 11 on DESKTOP-SDT18U3 with PID 11280 (C:\board_01\build\classes\java\main started by User in C:\board_01)
2022-10-23 16:40:28.645  INFO 11280 --- [main] b.board_01.Board01Application            : No active profile set, falling back to 1 default profile: "default"
2022-10-23 16:40:29.781  INFO 11280 --- [main] .s.d.r.c.RepositoryConfigurationDelegate : Bootstrapping Spring Data JPA repositories in DEFAULT mode.
2022-10-23 16:40:29.894  INFO 11280 --- [main] .s.d.r.c.RepositoryConfigurationDelegate : Finished Spring Data repository scanning in 97 ms. Found 2 JPA repository interfaces.
2022-10-23 16:40:31.574  INFO 11280 --- [main] o.s.b.w.embedded.tomcat.TomcatWebServer  : Tomcat initialized with port(s): 8080 (http)
2022-10-23 16:40:31.606  INFO 11280 --- [main] o.apache.catalina.core.StandardService   : Starting service [Tomcat]
2022-10-23 16:40:31.607  INFO 11280 --- [main] org.apache.catalina.core.StandardEngine  : Starting Servlet engine: [Apache Tomcat/9.0.65]
2022-10-23 16:40:31.883  INFO 11280 --- [main] o.a.c.c.C.[Tomcat].[localhost].[/]       : Initializing Spring embedded WebApplicationContext
2022-10-23 16:40:31.884  INFO 11280 --- [main] w.s.c.ServletWebServerApplicationContext : Root WebApplicationContext: initialization completed in 3135 ms
2022-10-23 16:40:32.287  INFO 11280 --- [main] o.hibernate.jpa.internal.util.LogHelper  : HHH000204: Processing PersistenceUnitInfo [name: default]
2022-10-23 16:40:32.432  INFO 11280 --- [main] org.hibernate.Version                    : HHH000412: Hibernate ORM core version 5.6.11.Final
2022-10-23 16:40:32.797  INFO 11280 --- [main] o.hibernate.annotations.common.Version   : HCANN000001: Hibernate Commons Annotations {5.1.2.Final}
2022-10-23 16:40:33.009  INFO 11280 --- [main] com.zaxxer.hikari.HikariDataSource       : HikariPool-1 - Starting...
2022-10-23 16:40:33.498  INFO 11280 --- [main] com.zaxxer.hikari.HikariDataSource       : HikariPool-1 - Start completed.
2022-10-23 16:40:33.582  INFO 11280 --- [main] org.hibernate.dialect.Dialect            : HHH000400: Using dialect: org.hibernate.dialect.MySQL8Dialect
2022-10-23 16:40:35.045  INFO 11280 --- [main] o.h.e.t.j.p.i.JtaPlatformInitiator       : HHH000490: Using JtaPlatform implementation: [org.hibernate.engine.transaction.jta.platform.internal.NoJtaPlatform]
2022-10-23 16:40:35.070  INFO 11280 --- [main] j.LocalContainerEntityManagerFactoryBean : Initialized JPA EntityManagerFactory for persistence unit 'default'
2022-10-23 16:40:35.762  WARN 11280 --- [main] JpaBaseConfiguration$JpaWebConfiguration : spring.jpa.open-in-view is enabled by default. Therefore, database queries may be performed during view rendering. Explicitly configure spring.jpa.open-in-view to disable this warning
2022-10-23 16:40:36.756  INFO 11280 --- [main] o.s.b.w.embedded.tomcat.TomcatWebServer  : Tomcat started on port(s): 8080 (http) with context path ''
2022-10-23 16:40:36.771  INFO 11280 --- [main] b.board_01.Board01Application            : Started Board01Application in 8.899 seconds (JVM running for 9.669)
